2025-06-04 13:05 - INFO - Starting GLiNER country extraction
2025-06-04 13:05 - INFO - Loading GLiNER model 'urchade/gliner_base'…
2025-06-04 13:05 - INFO - Loading GLiNER model 'urchade/gliner_base'…
2025-06-04 13:05 - INFO - Loading GLiNER model 'urchade/gliner_base'…
2025-06-04 13:05 - INFO - Loading GLiNER model 'urchade/gliner_base'…
2025-06-04 13:05 - INFO - Loading GLiNER model 'urchade/gliner_base'…
2025-06-04 13:05 - INFO - Loading GLiNER model 'urchade/gliner_base'…
2025-06-04 13:05 - INFO - Loading GLiNER model 'urchade/gliner_base'…
2025-06-04 13:05 - INFO - Loading GLiNER model 'urchade/gliner_base'…
2025-06-04 13:05 - INFO - Loading GLiNER model 'urchade/gliner_base'…
2025-06-04 13:05 - INFO - Loading GLiNER model 'urchade/gliner_base'…
2025-06-04 13:05 - INFO - Loading GLiNER model 'urchade/gliner_base'…
2025-06-04 13:05 - INFO - Loading GLiNER model 'urchade/gliner_base'…
2025-06-04 13:05 - INFO - Loading GLiNER model 'urchade/gliner_base'…
2025-06-04 13:05 - INFO - Loading GLiNER model 'urchade/gliner_base'…
2025-06-04 13:05 - INFO - Loading GLiNER model 'urchade/gliner_base'…
2025-06-04 13:05 - INFO - Loading GLiNER model 'urchade/gliner_base'…
2025-06-04 13:05 - INFO - Loading GLiNER model 'urchade/gliner_base'…
2025-06-04 13:05 - INFO - Loading GLiNER model 'urchade/gliner_base'…
2025-06-04 13:05 - INFO - Loading GLiNER model 'urchade/gliner_base'…
2025-06-04 13:05 - INFO - Loading GLiNER model 'urchade/gliner_base'…
2025-06-04 13:06 - INFO - GLiNER model loaded
2025-06-04 13:06 - INFO - GLiNER model loaded
2025-06-04 13:06 - INFO - GLiNER model loaded
2025-06-04 13:06 - INFO - GLiNER model loaded
2025-06-04 13:06 - INFO - GLiNER model loaded
2025-06-04 13:06 - INFO - GLiNER model loaded
2025-06-04 13:06 - INFO - GLiNER model loaded
2025-06-04 13:06 - INFO - GLiNER model loaded
2025-06-04 13:06 - INFO - GLiNER model loaded
2025-06-04 13:06 - INFO - GLiNER model loaded
2025-06-04 13:07 - INFO - GLiNER model loaded
2025-06-04 13:07 - INFO - GLiNER model loaded
2025-06-04 13:07 - INFO - GLiNER model loaded
2025-06-04 13:07 - INFO - GLiNER model loaded
2025-06-04 13:07 - INFO - GLiNER model loaded
2025-06-04 13:08 - INFO - GLiNER model loaded
2025-06-04 13:08 - INFO - GLiNER model loaded
2025-06-04 13:08 - INFO - GLiNER model loaded
2025-06-04 13:08 - INFO - GLiNER model loaded
2025-06-04 13:08 - INFO - GLiNER model loaded
2025-06-04 13:13 - INFO - JSON saved to output/country_analysis_gliner.json
2025-06-04 13:13 - INFO - CSV saved to output/country_analysis_gliner.csv
2025-06-04 13:13 - INFO - Finished in 503.47 s
