2025-05-09 11:41 - INFO - Starting country extraction process
2025-05-09 11:41 - INFO - Starting country extraction from JSON file using countryguess algorithm
2025-05-09 11:41 - INFO - Found 4 total documents
2025-05-09 11:41 - INFO - Found 4 English documents to process
2025-05-09 11:41 - INFO - --------------------------------------------------------------------------------
2025-05-09 11:41 - INFO - Processing document 1/4: countryspellcheck.pdf
2025-05-09 11:41 - INFO - Found 10 countries in countryspellcheck.pdf
2025-05-09 11:41 - INFO - Country frequencies (sorted by frequency):
2025-05-09 11:41 - INFO -   TON: 3 mentions
2025-05-09 11:41 - INFO -   IND: 2 mentions
2025-05-09 11:41 - INFO -   AUT: 2 mentions
2025-05-09 11:41 - INFO -   CHE: 1 mentions
2025-05-09 11:41 - INFO -   ARE: 1 mentions
2025-05-09 11:41 - INFO -   NLD: 1 mentions
2025-05-09 11:41 - INFO -   AND: 1 mentions
2025-05-09 11:41 - INFO -   FRA: 1 mentions
2025-05-09 11:41 - INFO -   ESP: 1 mentions
2025-05-09 11:41 - INFO -   ANT: 1 mentions
2025-05-09 11:41 - INFO - --------------------------------------------------------------------------------
2025-05-09 11:41 - INFO - Processing document 2/4: language test.pdf
2025-05-09 11:41 - INFO - Found 7 countries in language test.pdf
2025-05-09 11:41 - INFO - Country frequencies (sorted by frequency):
2025-05-09 11:41 - INFO -   IND: 5 mentions
2025-05-09 11:41 - INFO -   AND: 4 mentions
2025-05-09 11:41 - INFO -   CHL: 2 mentions
2025-05-09 11:41 - INFO -   AUS: 1 mentions
2025-05-09 11:41 - INFO -   STP: 1 mentions
2025-05-09 11:41 - INFO -   NPL: 1 mentions
2025-05-09 11:41 - INFO -   VAT: 1 mentions
2025-05-09 11:41 - INFO - --------------------------------------------------------------------------------
2025-05-09 11:41 - INFO - Processing document 3/4: samplepaper.pdf
2025-05-09 11:41 - INFO - Found 35 countries in samplepaper.pdf
2025-05-09 11:41 - INFO - Country frequencies (sorted by frequency):
2025-05-09 11:41 - INFO -   AND: 400 mentions
2025-05-09 11:41 - INFO -   TON: 288 mentions
2025-05-09 11:41 - INFO -   IND: 284 mentions
2025-05-09 11:41 - INFO -   PER: 112 mentions
2025-05-09 11:41 - INFO -   BLR: 111 mentions
2025-05-09 11:41 - INFO -   ISL: 101 mentions
2025-05-09 11:41 - INFO -   ASM: 66 mentions
2025-05-09 11:41 - INFO -   ARE: 39 mentions
2025-05-09 11:41 - INFO -   BEL: 34 mentions
2025-05-09 11:41 - INFO -   BRA: 30 mentions
2025-05-09 11:41 - INFO -   AUT: 24 mentions
2025-05-09 11:41 - INFO -   ETH: 20 mentions
2025-05-09 11:41 - INFO -   CHL: 19 mentions
2025-05-09 11:41 - INFO -   ANT: 19 mentions
2025-05-09 11:41 - INFO -   DOM: 11 mentions
2025-05-09 11:41 - INFO -   TCD: 11 mentions
2025-05-09 11:41 - INFO -   ITA: 10 mentions
2025-05-09 11:41 - INFO -   CAN: 9 mentions
2025-05-09 11:41 - INFO -   USA: 8 mentions
2025-05-09 11:41 - INFO -   JAM: 6 mentions
2025-05-09 11:41 - INFO -   DEU: 5 mentions
2025-05-09 11:41 - INFO -   NOR: 5 mentions
2025-05-09 11:41 - INFO -   CHN: 4 mentions
2025-05-09 11:41 - INFO -   COL: 4 mentions
2025-05-09 11:41 - INFO -   NER: 4 mentions
2025-05-09 11:41 - INFO -   RWA: 3 mentions
2025-05-09 11:41 - INFO -   VEN: 3 mentions
2025-05-09 11:41 - INFO -   AGO: 2 mentions
2025-05-09 11:41 - INFO -   PAN: 1 mentions
2025-05-09 11:41 - INFO -   SOM: 1 mentions
2025-05-09 11:41 - INFO -   MNE: 1 mentions
2025-05-09 11:41 - INFO -   BGD: 1 mentions
2025-05-09 11:41 - INFO -   MHL: 1 mentions
2025-05-09 11:41 - INFO -   VGB: 1 mentions
2025-05-09 11:41 - INFO -   PAK: 1 mentions
2025-05-09 11:41 - INFO - --------------------------------------------------------------------------------
2025-05-09 11:41 - INFO - Processing document 4/4: samplepaper2.pdf
2025-05-09 11:41 - INFO - Found 50 countries in samplepaper2.pdf
2025-05-09 11:41 - INFO - Country frequencies (sorted by frequency):
2025-05-09 11:41 - INFO -   AND: 394 mentions
2025-05-09 11:41 - INFO -   TON: 186 mentions
2025-05-09 11:41 - INFO -   IND: 179 mentions
2025-05-09 11:41 - INFO -   ISL: 170 mentions
2025-05-09 11:41 - INFO -   ARE: 96 mentions
2025-05-09 11:41 - INFO -   BLR: 75 mentions
2025-05-09 11:41 - INFO -   BEL: 64 mentions
2025-05-09 11:41 - INFO -   ASM: 57 mentions
2025-05-09 11:41 - INFO -   ETH: 33 mentions
2025-05-09 11:41 - INFO -   AUT: 30 mentions
2025-05-09 11:41 - INFO -   CAN: 29 mentions
2025-05-09 11:41 - INFO -   UKR: 29 mentions
2025-05-09 11:41 - INFO -   ANT: 23 mentions
2025-05-09 11:41 - INFO -   ITA: 23 mentions
2025-05-09 11:41 - INFO -   PER: 11 mentions
2025-05-09 11:41 - INFO -   SOM: 10 mentions
2025-05-09 11:41 - INFO -   DOM: 8 mentions
2025-05-09 11:41 - INFO -   DEU: 8 mentions
2025-05-09 11:41 - INFO -   NOR: 7 mentions
2025-05-09 11:41 - INFO -   NAM: 7 mentions
2025-05-09 11:41 - INFO -   CHL: 6 mentions
2025-05-09 11:41 - INFO -   USA: 5 mentions
2025-05-09 11:41 - INFO -   ECU: 4 mentions
2025-05-09 11:41 - INFO -   FIN: 3 mentions
2025-05-09 11:41 - INFO -   BGD: 3 mentions
2025-05-09 11:41 - INFO -   PAK: 3 mentions
2025-05-09 11:41 - INFO -   VUT: 2 mentions
2025-05-09 11:41 - INFO -   POL: 2 mentions
2025-05-09 11:41 - INFO -   MRT: 2 mentions
2025-05-09 11:41 - INFO -   MUS: 2 mentions
2025-05-09 11:41 - INFO -   BRA: 2 mentions
2025-05-09 11:41 - INFO -   KEN: 2 mentions
2025-05-09 11:41 - INFO -   MEX: 2 mentions
2025-05-09 11:41 - INFO -   XKX: 2 mentions
2025-05-09 11:41 - INFO -   GHA: 2 mentions
2025-05-09 11:41 - INFO -   ISR: 1 mentions
2025-05-09 11:41 - INFO -   CHI: 1 mentions
2025-05-09 11:41 - INFO -   MDG: 1 mentions
2025-05-09 11:41 - INFO -   KHM: 1 mentions
2025-05-09 11:41 - INFO -   PAN: 1 mentions
2025-05-09 11:41 - INFO -   VGB: 1 mentions
2025-05-09 11:41 - INFO -   FRA: 1 mentions
2025-05-09 11:41 - INFO -   VNM: 1 mentions
2025-05-09 11:41 - INFO -   MWI: 1 mentions
2025-05-09 11:41 - INFO -   CHN: 1 mentions
2025-05-09 11:41 - INFO -   VIR: 1 mentions
2025-05-09 11:41 - INFO -   COL: 1 mentions
2025-05-09 11:41 - INFO -   KAZ: 1 mentions
2025-05-09 11:41 - INFO -   PHL: 1 mentions
2025-05-09 11:41 - INFO -   RWA: 1 mentions
2025-05-09 11:41 - INFO - Saved results to output\country_extraction_results_countryguess.csv
2025-05-09 11:41 - INFO - Saved results to output\country_extraction_results_countryguess.json
2025-05-09 11:41 - INFO - Created detailed log file at logs\country_extraction_countryguess_20250509_1141.log
2025-05-09 11:41 - INFO - Total execution time: 18.60 seconds
