2025-06-04 23:30 - INFO - Starting GLiNER country extraction
2025-06-04 23:30 - INFO - Loading GLiNER model 'urchade/gliner_base'…
2025-06-04 23:30 - INFO - Loading GLiNER model 'urchade/gliner_base'…
2025-06-04 23:30 - INFO - Loading GLiNER model 'urchade/gliner_base'…
2025-06-04 23:30 - INFO - Loading GLiNER model 'urchade/gliner_base'…
2025-06-04 23:30 - INFO - Loading GLiNER model 'urchade/gliner_base'…
2025-06-04 23:30 - INFO - Loading GLiNER model 'urchade/gliner_base'…
2025-06-04 23:30 - INFO - Loading GLiNER model 'urchade/gliner_base'…
2025-06-04 23:30 - INFO - Loading GLiNER model 'urchade/gliner_base'…
2025-06-04 23:30 - INFO - Loading GLiNER model 'urchade/gliner_base'…
2025-06-04 23:30 - INFO - Loading GLiNER model 'urchade/gliner_base'…
2025-06-04 23:30 - INFO - Loading GLiNER model 'urchade/gliner_base'…
2025-06-04 23:30 - INFO - Loading GLiNER model 'urchade/gliner_base'…
2025-06-04 23:30 - INFO - Loading GLiNER model 'urchade/gliner_base'…
2025-06-04 23:30 - INFO - Loading GLiNER model 'urchade/gliner_base'…
2025-06-04 23:30 - INFO - Loading GLiNER model 'urchade/gliner_base'…
2025-06-04 23:30 - INFO - Loading GLiNER model 'urchade/gliner_base'…
2025-06-04 23:30 - INFO - Loading GLiNER model 'urchade/gliner_base'…
2025-06-04 23:30 - INFO - Loading GLiNER model 'urchade/gliner_base'…
2025-06-04 23:30 - INFO - Loading GLiNER model 'urchade/gliner_base'…
2025-06-04 23:30 - INFO - Loading GLiNER model 'urchade/gliner_base'…
2025-06-04 23:31 - INFO - GLiNER model loaded
2025-06-04 23:31 - INFO - GLiNER model loaded
2025-06-04 23:31 - INFO - GLiNER model loaded
2025-06-04 23:31 - INFO - GLiNER model loaded
2025-06-04 23:32 - INFO - GLiNER model loaded
2025-06-04 23:32 - INFO - GLiNER model loaded
2025-06-04 23:32 - INFO - GLiNER model loaded
2025-06-04 23:32 - INFO - GLiNER model loaded
2025-06-04 23:32 - INFO - GLiNER model loaded
2025-06-04 23:32 - INFO - GLiNER model loaded
2025-06-04 23:32 - INFO - GLiNER model loaded
2025-06-04 23:32 - INFO - GLiNER model loaded
2025-06-04 23:32 - INFO - GLiNER model loaded
2025-06-04 23:33 - INFO - GLiNER model loaded
2025-06-04 23:33 - INFO - GLiNER model loaded
2025-06-04 23:33 - INFO - GLiNER model loaded
2025-06-04 23:33 - INFO - GLiNER model loaded
2025-06-04 23:33 - INFO - GLiNER model loaded
2025-06-04 23:33 - INFO - GLiNER model loaded
2025-06-04 23:33 - INFO - GLiNER model loaded
2025-06-04 23:38 - INFO - JSON saved to output/country_analysis_gliner.json
2025-06-04 23:38 - INFO - CSV saved to output/country_analysis_gliner.csv
2025-06-04 23:38 - INFO - Finished in 479.39 s
