Country Extraction Results (English Documents Only) - Using countryguess algorithm
==================================================

Document: countryspellcheck.pdf
--------------------------------------------------
Total unique countries: 10
Total country mentions: 14

Country frequencies:
  TON: 3 mentions
  IND: 2 mentions
  AUT: 2 mentions
  CHE: 1 mentions
  ARE: 1 mentions
  NLD: 1 mentions
  AND: 1 mentions
  FRA: 1 mentions
  ESP: 1 mentions
  ANT: 1 mentions

Document: language test.pdf
--------------------------------------------------
Total unique countries: 7
Total country mentions: 15

Country frequencies:
  IND: 5 mentions
  AND: 4 mentions
  CHL: 2 mentions
  AUS: 1 mentions
  STP: 1 mentions
  NPL: 1 mentions
  VAT: 1 mentions

Document: samplepaper.pdf
--------------------------------------------------
Total unique countries: 35
Total country mentions: 1639

Country frequencies:
  AND: 400 mentions
  TON: 288 mentions
  IND: 284 mentions
  PER: 112 mentions
  BLR: 111 mentions
  ISL: 101 mentions
  ASM: 66 mentions
  ARE: 39 mentions
  BEL: 34 mentions
  BRA: 30 mentions
  AUT: 24 mentions
  ETH: 20 mentions
  CHL: 19 mentions
  ANT: 19 mentions
  DOM: 11 mentions
  TCD: 11 mentions
  ITA: 10 mentions
  CAN: 9 mentions
  USA: 8 mentions
  JAM: 6 mentions
  DEU: 5 mentions
  NOR: 5 mentions
  CHN: 4 mentions
  COL: 4 mentions
  NER: 4 mentions
  RWA: 3 mentions
  VEN: 3 mentions
  AGO: 2 mentions
  PAN: 1 mentions
  SOM: 1 mentions
  MNE: 1 mentions
  BGD: 1 mentions
  MHL: 1 mentions
  VGB: 1 mentions
  PAK: 1 mentions

Document: samplepaper2.pdf
--------------------------------------------------
Total unique countries: 50
Total country mentions: 1496

Country frequencies:
  AND: 394 mentions
  TON: 186 mentions
  IND: 179 mentions
  ISL: 170 mentions
  ARE: 96 mentions
  BLR: 75 mentions
  BEL: 64 mentions
  ASM: 57 mentions
  ETH: 33 mentions
  AUT: 30 mentions
  CAN: 29 mentions
  UKR: 29 mentions
  ANT: 23 mentions
  ITA: 23 mentions
  PER: 11 mentions
  SOM: 10 mentions
  DOM: 8 mentions
  DEU: 8 mentions
  NOR: 7 mentions
  NAM: 7 mentions
  CHL: 6 mentions
  USA: 5 mentions
  ECU: 4 mentions
  FIN: 3 mentions
  BGD: 3 mentions
  PAK: 3 mentions
  VUT: 2 mentions
  POL: 2 mentions
  MRT: 2 mentions
  MUS: 2 mentions
  BRA: 2 mentions
  KEN: 2 mentions
  MEX: 2 mentions
  XKX: 2 mentions
  GHA: 2 mentions
  ISR: 1 mentions
  CHI: 1 mentions
  MDG: 1 mentions
  KHM: 1 mentions
  PAN: 1 mentions
  VGB: 1 mentions
  FRA: 1 mentions
  VNM: 1 mentions
  MWI: 1 mentions
  CHN: 1 mentions
  VIR: 1 mentions
  COL: 1 mentions
  KAZ: 1 mentions
  PHL: 1 mentions
  RWA: 1 mentions


End of Report
==================================================
