2025-05-10 13:17 - INFO - Starting country extraction process
2025-05-10 13:18 - INFO - Starting country extraction from JSON file using keyword algorithm
2025-05-10 13:18 - INFO - Found 5 total documents
2025-05-10 13:18 - INFO - Found 4 English documents to process
2025-05-10 13:18 - INFO - --------------------------------------------------------------------------------
2025-05-10 13:18 - INFO - Processing document 1/4: countryspellcheck.pdf
2025-05-10 13:18 - INFO - Found 1 countries in countryspellcheck.pdf
2025-05-10 13:18 - INFO - Country frequencies (sorted by frequency):
2025-05-10 13:18 - INFO -   ESP: 1 mentions
2025-05-10 13:18 - INFO - --------------------------------------------------------------------------------
2025-05-10 13:18 - INFO - Processing document 2/4: language test.pdf
2025-05-10 13:18 - INFO - Found 0 countries in language test.pdf
2025-05-10 13:18 - INFO - Country frequencies (sorted by frequency):
2025-05-10 13:18 - INFO - --------------------------------------------------------------------------------
2025-05-10 13:18 - INFO - Processing document 4/4: samplepaper.pdf
2025-05-10 13:18 - INFO - Found 9 countries in samplepaper.pdf
2025-05-10 13:18 - INFO - Country frequencies (sorted by frequency):
2025-05-10 13:18 - INFO -   BRA: 9 mentions
2025-05-10 13:18 - INFO -   IND: 5 mentions
2025-05-10 13:18 - INFO -   CHN: 4 mentions
2025-05-10 13:18 - INFO -   JAM: 4 mentions
2025-05-10 13:18 - INFO -   RWA: 2 mentions
2025-05-10 13:18 - INFO -   COL: 2 mentions
2025-05-10 13:18 - INFO -   PER: 2 mentions
2025-05-10 13:18 - INFO -   VEN: 2 mentions
2025-05-10 13:18 - INFO -   NER: 2 mentions
2025-05-10 13:18 - INFO - --------------------------------------------------------------------------------
2025-05-10 13:18 - INFO - Processing document 5/4: samplepaper2.pdf
2025-05-10 13:18 - INFO - Found 16 countries in samplepaper2.pdf
2025-05-10 13:18 - INFO - Country frequencies (sorted by frequency):
2025-05-10 13:18 - INFO -   BGD: 3 mentions
2025-05-10 13:18 - INFO -   PAK: 3 mentions
2025-05-10 13:18 - INFO -   MEX: 2 mentions
2025-05-10 13:18 - INFO -   IND: 2 mentions
2025-05-10 13:18 - INFO -   GHA: 2 mentions
2025-05-10 13:18 - INFO -   ECU: 1 mentions
2025-05-10 13:18 - INFO -   CHN: 1 mentions
2025-05-10 13:18 - INFO -   BRA: 1 mentions
2025-05-10 13:18 - INFO -   CHL: 1 mentions
2025-05-10 13:18 - INFO -   COL: 1 mentions
2025-05-10 13:18 - INFO -   ETH: 1 mentions
2025-05-10 13:18 - INFO -   KAZ: 1 mentions
2025-05-10 13:18 - INFO -   KEN: 1 mentions
2025-05-10 13:18 - INFO -   PHL: 1 mentions
2025-05-10 13:18 - INFO -   POL: 1 mentions
2025-05-10 13:18 - INFO -   RWA: 1 mentions
2025-05-10 13:18 - INFO - Saved results to output\country_extraction_results_keyword.csv
2025-05-10 13:18 - INFO - Saved results to output\country_extraction_results_keyword.json
2025-05-10 13:18 - INFO - Created detailed log file at logs\country_extraction_keyword_20250510_1318.log
2025-05-10 13:18 - INFO - Total execution time: 5.68 seconds
