2025-05-07 17:43 - INFO - Starting PDF extraction process
2025-05-07 17:44 - INFO - Starting PDF processing workflow
2025-05-07 17:44 - INFO - Found 4 PDF files to process
2025-05-07 17:44 - INFO - Processing PDF 1/4: language test.pdf
2025-05-07 17:44 - INFO - Starting extraction for input\language test.pdf
2025-05-07 17:44 - INFO - Extraction completed for input\language test.pdf
2025-05-07 17:44 - INFO - Successfully processed language test.pdf
2025-05-07 17:44 - INFO - --------------------------------------------------------------------------------
2025-05-07 17:44 - INFO - Processing PDF 2/4: length test.pdf
2025-05-07 17:44 - INFO - Starting extraction for input\length test.pdf
2025-05-07 17:44 - INFO - Extraction completed for input\length test.pdf
2025-05-07 17:44 - WARNING - Skipping length test.pdf: less than 50 words (17)
2025-05-07 17:44 - INFO - --------------------------------------------------------------------------------
2025-05-07 17:44 - INFO - Processing PDF 3/4: samplepaper.pdf
2025-05-07 17:44 - INFO - Starting extraction for input\samplepaper.pdf
2025-05-07 17:44 - INFO - Extraction completed for input\samplepaper.pdf
2025-05-07 17:44 - INFO - Successfully processed samplepaper.pdf
2025-05-07 17:44 - INFO - --------------------------------------------------------------------------------
2025-05-07 17:44 - INFO - Processing PDF 4/4: samplepaper2.pdf
2025-05-07 17:44 - INFO - Starting extraction for input\samplepaper2.pdf
2025-05-07 17:44 - INFO - Extraction completed for input\samplepaper2.pdf
2025-05-07 17:44 - INFO - Successfully processed samplepaper2.pdf
2025-05-07 17:44 - INFO - --------------------------------------------------------------------------------
2025-05-07 17:44 - INFO - Saved 3 records to output\extracted_data.parquet
2025-05-07 17:44 - INFO - Saved 3 records to output\extracted_data.json
2025-05-07 17:44 - INFO - --------------------------------------------------------------------------------
2025-05-07 17:44 - INFO - Total execution time: 9.28 seconds
