2025-05-07 17:41:56,770 - INFO - Starting PDF extraction process
2025-05-07 17:42:01,894 - INFO - Starting PDF processing workflow
2025-05-07 17:42:01,895 - INFO - Found 4 PDF files to process
2025-05-07 17:42:01,896 - INFO - Processing PDF 1/4: language test.pdf
2025-05-07 17:42:02,906 - INFO - Starting extraction for input\language test.pdf
2025-05-07 17:42:02,914 - INFO - Extraction completed for input\language test.pdf
2025-05-07 17:42:03,168 - INFO - Successfully processed language test.pdf
2025-05-07 17:42:03,170 - INFO - --------------------------------------------------------------------------------
2025-05-07 17:42:03,172 - INFO - Processing PDF 2/4: length test.pdf
2025-05-07 17:42:03,844 - INFO - Starting extraction for input\length test.pdf
2025-05-07 17:42:03,848 - INFO - Extraction completed for input\length test.pdf
2025-05-07 17:42:03,855 - WARNING - Skipping length test.pdf: less than 50 words (17)
2025-05-07 17:42:03,860 - INFO - --------------------------------------------------------------------------------
2025-05-07 17:42:03,862 - INFO - Processing PDF 3/4: samplepaper.pdf
2025-05-07 17:42:04,531 - INFO - Starting extraction for input\samplepaper.pdf
2025-05-07 17:42:04,635 - INFO - Extraction completed for input\samplepaper.pdf
2025-05-07 17:42:04,659 - INFO - Successfully processed samplepaper.pdf
2025-05-07 17:42:04,661 - INFO - --------------------------------------------------------------------------------
2025-05-07 17:42:04,662 - INFO - Processing PDF 4/4: samplepaper2.pdf
2025-05-07 17:42:05,356 - INFO - Starting extraction for input\samplepaper2.pdf
2025-05-07 17:42:05,406 - INFO - Extraction completed for input\samplepaper2.pdf
2025-05-07 17:42:05,431 - INFO - Successfully processed samplepaper2.pdf
2025-05-07 17:42:05,433 - INFO - --------------------------------------------------------------------------------
2025-05-07 17:42:05,458 - INFO - Saved 3 records to output\extracted_data.parquet
2025-05-07 17:42:05,461 - INFO - Saved 3 records to output\extracted_data.json
2025-05-07 17:42:05,479 - INFO - --------------------------------------------------------------------------------
2025-05-07 17:42:05,480 - INFO - Total execution time: 8.71 seconds
