2025-05-07 17:39:59,914 - INFO - Starting PDF extraction process
2025-05-07 17:40:05,562 - INFO - Starting PDF processing workflow
2025-05-07 17:40:05,563 - INFO - Found 4 PDF files to process
2025-05-07 17:40:05,564 - INFO - Processing language test.pdf
2025-05-07 17:40:06,520 - INFO - Starting extraction for input\language test.pdf
2025-05-07 17:40:06,528 - INFO - Extraction completed for input\language test.pdf
2025-05-07 17:40:06,779 - INFO - Successfully processed language test.pdf
2025-05-07 17:40:06,781 - INFO - Processing length test.pdf
2025-05-07 17:40:07,460 - INFO - Starting extraction for input\length test.pdf
2025-05-07 17:40:07,465 - INFO - Extraction completed for input\length test.pdf
2025-05-07 17:40:07,471 - WARNING - Skipping length test.pdf: less than 50 words (17)
2025-05-07 17:40:07,475 - INFO - Processing samplepaper.pdf
2025-05-07 17:40:08,128 - INFO - Starting extraction for input\samplepaper.pdf
2025-05-07 17:40:08,234 - INFO - Extraction completed for input\samplepaper.pdf
2025-05-07 17:40:08,259 - INFO - Successfully processed samplepaper.pdf
2025-05-07 17:40:08,261 - INFO - Processing samplepaper2.pdf
2025-05-07 17:40:08,975 - INFO - Starting extraction for input\samplepaper2.pdf
2025-05-07 17:40:09,025 - INFO - Extraction completed for input\samplepaper2.pdf
2025-05-07 17:40:09,047 - INFO - Successfully processed samplepaper2.pdf
2025-05-07 17:40:09,072 - INFO - Saved 3 records to output\extracted_data.parquet
2025-05-07 17:40:09,074 - INFO - Saved 3 records to output\extracted_data.json
2025-05-07 17:40:09,095 - INFO - Total execution time: 9.18 seconds
