2025-05-07 23:07 - INFO - Starting country extraction process
2025-05-07 23:07 - INFO - Starting country extraction from Parquet file
2025-05-07 23:07 - INFO - Found 3 documents to process
2025-05-07 23:07 - INFO - Loaded 1007 country keywords
2025-05-07 23:07 - INFO - --------------------------------------------------------------------------------
2025-05-07 23:07 - INFO - Processing document 1/3: language test.pdf
2025-05-07 23:07 - INFO - Found 4 countries in language test.pdf
2025-05-07 23:07 - INFO - Countries: India, Andorra, Tonga, Holy See (Vatican City State)
2025-05-07 23:07 - INFO - --------------------------------------------------------------------------------
2025-05-07 23:07 - INFO - Processing document 2/3: samplepaper.pdf
2025-05-07 23:07 - INFO - Found 50 countries in samplepaper.pdf
2025-05-07 23:07 - INFO - Countries: Andorra, Tonga, Belarus, Iceland, American Samoa, United Arab Emirates, Belgium, Austria, Brazil, Albania, Ethiopia, Dominican Republic, Italy, United States, Bulgaria, India, Liechtenstein, Germany, Jamaica, Norway, China, Colombia, Niger, Rwanda, Venezuela, Bolivarian Republic of, Angola, Cuba, Cambodia, Macao, Peru, Paraguay, Burundi, Bangladesh, Canada, Cameroon, Cook Islands, Comoros, Czechia, Eritrea, Georgia, Hong Kong, Jordan, Luxembourg, Montenegro, Pakistan, Panama, Palestine, State of, El Salvador, Somalia, Timor-Leste
2025-05-07 23:07 - INFO - --------------------------------------------------------------------------------
2025-05-07 23:07 - INFO - Processing document 3/3: samplepaper2.pdf
2025-05-07 23:07 - INFO - Found 72 countries in samplepaper2.pdf
2025-05-07 23:07 - INFO - Countries: Andorra, Tonga, Iceland, United Arab Emirates, Belarus, Belgium, American Samoa, Ukraine, Albania, Austria, Canada, Namibia, Italy, Somalia, Germany, Dominican Republic, Norway, Mauritius, Réunion, Bulgaria, Mauritania, United States, Ecuador, Finland, South Africa, Bangladesh, India, Pakistan, Vanuatu, Brazil, Congo, The Democratic Republic of the, Ghana, Mexico, Thailand, Burundi, Chile, China, Colombia, Comoros, Dominica, Ethiopia, Georgia, Gibraltar, Equatorial Guinea, Guyana, Hungary, Iran, Islamic Republic of, Iraq, Jamaica, Japan, Kazakhstan, Kenya, Cambodia, Saint Kitts and Nevis, Sri Lanka, Morocco, Madagascar, Mali, Myanmar, Malawi, Netherlands, Panama, Peru, Philippines, Poland, Rwanda, South Georgia and the South Sandwich Islands, Chad, Türkiye, Holy See (Vatican City State), Virgin Islands, U.S., Viet Nam
2025-05-07 23:07 - INFO - Saved results to output\country_extraction_results.csv
2025-05-07 23:07 - INFO - Saved results to output\country_extraction_results.json
2025-05-07 23:07 - INFO - --------------------------------------------------------------------------------
2025-05-07 23:07 - INFO - Total execution time: 10.53 seconds
