2025-05-10 13:16 - INFO - Starting PDF extraction process
2025-05-10 13:16 - INFO - Starting PDF processing workflow
2025-05-10 13:16 - INFO - Found 6 PDF files to process
2025-05-10 13:16 - INFO - Processing PDF 1/6: countryspellcheck.pdf
2025-05-10 13:16 - INFO - Starting extraction for input\countryspellcheck.pdf
2025-05-10 13:16 - INFO - Extraction completed for input\countryspellcheck.pdf
2025-05-10 13:16 - INFO - Successfully processed countryspellcheck.pdf
2025-05-10 13:16 - INFO - --------------------------------------------------------------------------------
2025-05-10 13:16 - INFO - Processing PDF 2/6: language test.pdf
2025-05-10 13:16 - INFO - Starting extraction for input\language test.pdf
2025-05-10 13:16 - INFO - Extraction completed for input\language test.pdf
2025-05-10 13:16 - INFO - Successfully processed language test.pdf
2025-05-10 13:16 - INFO - --------------------------------------------------------------------------------
2025-05-10 13:16 - INFO - Processing PDF 3/6: length test.pdf
2025-05-10 13:16 - INFO - Starting extraction for input\length test.pdf
2025-05-10 13:16 - INFO - Extraction completed for input\length test.pdf
2025-05-10 13:16 - WARNING - Skipping length test.pdf: less than 50 words (17)
2025-05-10 13:16 - INFO - --------------------------------------------------------------------------------
2025-05-10 13:16 - INFO - Processing PDF 4/6: nepalitext.pdf
2025-05-10 13:16 - INFO - Starting extraction for input\nepalitext.pdf
2025-05-10 13:16 - INFO - Extraction completed for input\nepalitext.pdf
2025-05-10 13:16 - INFO - Successfully processed nepalitext.pdf
2025-05-10 13:16 - INFO - --------------------------------------------------------------------------------
2025-05-10 13:16 - INFO - Processing PDF 5/6: samplepaper.pdf
2025-05-10 13:16 - INFO - Starting extraction for input\samplepaper.pdf
2025-05-10 13:16 - INFO - Extraction completed for input\samplepaper.pdf
2025-05-10 13:16 - INFO - Successfully processed samplepaper.pdf
2025-05-10 13:16 - INFO - --------------------------------------------------------------------------------
2025-05-10 13:16 - INFO - Processing PDF 6/6: samplepaper2.pdf
2025-05-10 13:16 - INFO - Starting extraction for input\samplepaper2.pdf
2025-05-10 13:16 - INFO - Extraction completed for input\samplepaper2.pdf
2025-05-10 13:16 - INFO - Successfully processed samplepaper2.pdf
2025-05-10 13:16 - INFO - --------------------------------------------------------------------------------
2025-05-10 13:16 - INFO - Saved 5 records to output\extracted_data.parquet
2025-05-10 13:16 - INFO - Saved 5 records to output\extracted_data.json
2025-05-10 13:16 - INFO - --------------------------------------------------------------------------------
2025-05-10 13:16 - INFO - Total execution time: 10.40 seconds
